<?xml version="1.0" encoding="UTF-8"?>
<!-- Generated by org.testng.reporters.JUnitReportReporter -->
<testsuite hostname="DESKTOP-S0ACAIL" failures="0" tests="1" name="org.testngExamples.Selenium_testNG" time="3.347" errors="0" timestamp="30 Oct 2021 04:21:09 GMT">
  <testcase classname="org.testngExamples.Selenium_testNG" name="tc001" time="3.347"/>
</testsuite> <!-- org.testngExamples.Selenium_testNG -->
