<?xml version="1.0" encoding="UTF-8"?>
<!-- Generated by org.testng.reporters.JUnitReportReporter -->
<testsuite hostname="DESKTOP-S0ACAIL" failures="0" tests="2" name="org.testngExamples.TestNG_Example" time="0.005" errors="0" timestamp="30 Oct 2021 04:04:31 GMT">
  <testcase classname="org.testngExamples.TestNG_Example" name="delEmp" time="0.004"/>
  <testcase classname="org.testngExamples.TestNG_Example" name="addEmp" time="0.001"/>
</testsuite> <!-- org.testngExamples.TestNG_Example -->
